<?xml version="1.0" encoding="UTF-8"?>
<!-- Generated by org.testng.reporters.JUnitReportReporter -->
<testsuite hostname="ICEN340" failures="0" tests="1" name="SeleniumTestGroup.SeleniumFrameworkDesign.ExtentReportsTest" time="53.948" errors="0" timestamp="31 Aug 2023 16:29:39 GMT">
  <testcase classname="SeleniumTestGroup.SeleniumFrameworkDesign.ExtentReportsTest" name="initialDemo" time="53.948"/>
</testsuite> <!-- SeleniumTestGroup.SeleniumFrameworkDesign.ExtentReportsTest -->
