<?xml version="1.0" encoding="UTF-8"?>
<!-- Generated by org.testng.reporters.JUnitReportReporter -->
<testsuite hostname="ICEN340" failures="0" tests="3" name="SeleniumTestGroup.SeleniumFrameworkDesign.EcommerceSA2Framework" time="29.870" errors="0" timestamp="6 Sep 2023 11:50:16 GMT">
  <testcase classname="SeleniumTestGroup.SeleniumFrameworkDesign.EcommerceSA2Framework" name="submitOrderTest" time="10.725"/>
  <testcase classname="SeleniumTestGroup.SeleniumFrameworkDesign.EcommerceSA2Framework" name="OrderHistoryTest" time="6.917"/>
  <testcase classname="SeleniumTestGroup.SeleniumFrameworkDesign.EcommerceSA2Framework" name="submitOrderTest" time="12.228"/>
</testsuite> <!-- SeleniumTestGroup.SeleniumFrameworkDesign.EcommerceSA2Framework -->
